<?xml version="1.0" encoding="UTF-8"?>
<!-- Generated by org.testng.reporters.JUnitXMLReporter -->
<testsuite hostname="Naveen-Mac.local" ignored="1" name="hub spot regression Test" tests="3" failures="0" timestamp="03 Apr 2019 11:00:17 GMT" time="32.499" errors="0">
  <testcase name="verifyContactsLinkTest" time="9.455" classname="com.qa.hubspot.tests.HomePageTest"/>
  <testcase name="verifyHomePageHeaderTest" time="5.826" classname="com.qa.hubspot.tests.HomePageTest"/>
  <testcase name="verifyHomePageTitleTest" time="3.834" classname="com.qa.hubspot.tests.HomePageTest"/>
  <testcase name="verifyDealsLinkTest" time="0.0" classname="com.qa.hubspot.tests.HomePageTest">
    <ignored/>
  </testcase> <!-- verifyDealsLinkTest -->
</testsuite> <!-- hub spot regression Test -->
