<?xml version="1.0" encoding="UTF-8"?>
<!-- Generated by org.testng.reporters.JUnitXMLReporter -->
<testsuite hostname="Naveen-Mac.local" ignored="0" name="Surefire test" tests="3" failures="0" timestamp="25 Feb 2019 02:22:28 GMT" time="15.107" errors="0">
  <testcase name="verifyLoginPageTitleTest" time="0.008" classname="com.qa.hubspot.tests.LoginTest"/>
  <testcase name="verifySignUpLinkTest" time="0.043" classname="com.qa.hubspot.tests.LoginTest"/>
  <testcase name="loginCorrectCredentialsTest" time="1.535" classname="com.qa.hubspot.tests.LoginTest"/>
</testsuite> <!-- Surefire test -->
