<?xml version="1.0" encoding="UTF-8"?>
<testng-results skipped="0" failed="0" ignored="0" total="3" passed="3">
  <reporter-output>
  </reporter-output>
  <suite name="Hub Spot App Regression Test" duration-ms="48506" started-at="2019-06-06T11:15:08Z" finished-at="2019-06-06T11:15:56Z">
    <groups>
    </groups>
    <test name="hub spot regression Test" duration-ms="48506" started-at="2019-06-06T11:15:08Z" finished-at="2019-06-06T11:15:56Z">
      <class name="com.qa.hubspot.tests.LoginTest">
        <test-method status="PASS" signature="setUp()[pri:0, instance:com.qa.hubspot.tests.LoginTest@7cd1ac19]" name="setUp" is-config="true" duration-ms="12250" started-at="2019-06-06T11:15:08Z" finished-at="2019-06-06T11:15:20Z">
          <reporter-output>
          </reporter-output>
        </test-method> <!-- setUp -->
        <test-method status="PASS" signature="verifyLoginPageTitleTest()[pri:1, instance:com.qa.hubspot.tests.LoginTest@7cd1ac19]" name="verifyLoginPageTitleTest" duration-ms="10251" started-at="2019-06-06T11:15:21Z" description="verifying login page title test" finished-at="2019-06-06T11:15:31Z">
          <reporter-output>
          </reporter-output>
        </test-method> <!-- verifyLoginPageTitleTest -->
        <test-method status="PASS" signature="tearDown()[pri:0, instance:com.qa.hubspot.tests.LoginTest@7cd1ac19]" name="tearDown" is-config="true" duration-ms="159" started-at="2019-06-06T11:15:31Z" finished-at="2019-06-06T11:15:31Z">
          <reporter-output>
          </reporter-output>
        </test-method> <!-- tearDown -->
        <test-method status="PASS" signature="setUp()[pri:0, instance:com.qa.hubspot.tests.LoginTest@7cd1ac19]" name="setUp" is-config="true" duration-ms="5173" started-at="2019-06-06T11:15:31Z" finished-at="2019-06-06T11:15:36Z">
          <reporter-output>
          </reporter-output>
        </test-method> <!-- setUp -->
        <test-method status="PASS" signature="verifySignUpLinkTest()[pri:2, instance:com.qa.hubspot.tests.LoginTest@7cd1ac19]" name="verifySignUpLinkTest" duration-ms="7442" started-at="2019-06-06T11:15:36Z" description="verifying sign up link test" finished-at="2019-06-06T11:15:44Z">
          <reporter-output>
          </reporter-output>
        </test-method> <!-- verifySignUpLinkTest -->
        <test-method status="PASS" signature="tearDown()[pri:0, instance:com.qa.hubspot.tests.LoginTest@7cd1ac19]" name="tearDown" is-config="true" duration-ms="197" started-at="2019-06-06T11:15:44Z" finished-at="2019-06-06T11:15:44Z">
          <reporter-output>
          </reporter-output>
        </test-method> <!-- tearDown -->
        <test-method status="PASS" signature="setUp()[pri:0, instance:com.qa.hubspot.tests.LoginTest@7cd1ac19]" name="setUp" is-config="true" duration-ms="4649" started-at="2019-06-06T11:15:44Z" finished-at="2019-06-06T11:15:49Z">
          <reporter-output>
          </reporter-output>
        </test-method> <!-- setUp -->
        <test-method status="PASS" signature="loginCorrectCredentialsTest()[pri:3, instance:com.qa.hubspot.tests.LoginTest@7cd1ac19]" name="loginCorrectCredentialsTest" duration-ms="7330" started-at="2019-06-06T11:15:49Z" description="login into app test" finished-at="2019-06-06T11:15:56Z">
          <reporter-output>
          </reporter-output>
        </test-method> <!-- loginCorrectCredentialsTest -->
        <test-method status="PASS" signature="tearDown()[pri:0, instance:com.qa.hubspot.tests.LoginTest@7cd1ac19]" name="tearDown" is-config="true" duration-ms="291" started-at="2019-06-06T11:15:56Z" finished-at="2019-06-06T11:15:56Z">
          <reporter-output>
          </reporter-output>
        </test-method> <!-- tearDown -->
      </class> <!-- com.qa.hubspot.tests.LoginTest -->
    </test> <!-- hub spot regression Test -->
  </suite> <!-- Hub Spot App Regression Test -->
</testng-results>
