<?xml version="1.0" encoding="UTF-8"?>
<testng-results skipped="0" failed="0" ignored="0" total="3" passed="3">
  <reporter-output>
  </reporter-output>
  <suite name="Surefire suite" duration-ms="15107" started-at="2019-02-25T02:22:12Z" finished-at="2019-02-25T02:22:27Z">
    <groups>
    </groups>
    <test name="Surefire test" duration-ms="15107" started-at="2019-02-25T02:22:12Z" finished-at="2019-02-25T02:22:27Z">
      <class name="com.qa.hubspot.tests.LoginTest">
        <test-method status="PASS" signature="setUp()[pri:0, instance:com.qa.hubspot.tests.LoginTest@13969fbe]" name="setUp" is-config="true" duration-ms="5297" started-at="2019-02-25T02:22:12Z" finished-at="2019-02-25T02:22:18Z">
          <reporter-output>
          </reporter-output>
        </test-method> <!-- setUp -->
        <test-method status="PASS" signature="verifyLoginPageTitleTest()[pri:1, instance:com.qa.hubspot.tests.LoginTest@13969fbe]" name="verifyLoginPageTitleTest" duration-ms="8" started-at="2019-02-25T02:22:18Z" finished-at="2019-02-25T02:22:18Z">
          <reporter-output>
          </reporter-output>
        </test-method> <!-- verifyLoginPageTitleTest -->
        <test-method status="PASS" signature="tearDown()[pri:0, instance:com.qa.hubspot.tests.LoginTest@13969fbe]" name="tearDown" is-config="true" duration-ms="149" started-at="2019-02-25T02:22:18Z" finished-at="2019-02-25T02:22:18Z">
          <reporter-output>
          </reporter-output>
        </test-method> <!-- tearDown -->
        <test-method status="PASS" signature="setUp()[pri:0, instance:com.qa.hubspot.tests.LoginTest@13969fbe]" name="setUp" is-config="true" duration-ms="3734" started-at="2019-02-25T02:22:18Z" finished-at="2019-02-25T02:22:22Z">
          <reporter-output>
          </reporter-output>
        </test-method> <!-- setUp -->
        <test-method status="PASS" signature="verifySignUpLinkTest()[pri:2, instance:com.qa.hubspot.tests.LoginTest@13969fbe]" name="verifySignUpLinkTest" duration-ms="43" started-at="2019-02-25T02:22:22Z" finished-at="2019-02-25T02:22:22Z">
          <reporter-output>
          </reporter-output>
        </test-method> <!-- verifySignUpLinkTest -->
        <test-method status="PASS" signature="tearDown()[pri:0, instance:com.qa.hubspot.tests.LoginTest@13969fbe]" name="tearDown" is-config="true" duration-ms="97" started-at="2019-02-25T02:22:22Z" finished-at="2019-02-25T02:22:22Z">
          <reporter-output>
          </reporter-output>
        </test-method> <!-- tearDown -->
        <test-method status="PASS" signature="setUp()[pri:0, instance:com.qa.hubspot.tests.LoginTest@13969fbe]" name="setUp" is-config="true" duration-ms="4068" started-at="2019-02-25T02:22:22Z" finished-at="2019-02-25T02:22:26Z">
          <reporter-output>
          </reporter-output>
        </test-method> <!-- setUp -->
        <test-method status="PASS" signature="loginCorrectCredentialsTest()[pri:3, instance:com.qa.hubspot.tests.LoginTest@13969fbe]" name="loginCorrectCredentialsTest" duration-ms="1535" started-at="2019-02-25T02:22:26Z" finished-at="2019-02-25T02:22:27Z">
          <reporter-output>
          </reporter-output>
        </test-method> <!-- loginCorrectCredentialsTest -->
        <test-method status="PASS" signature="tearDown()[pri:0, instance:com.qa.hubspot.tests.LoginTest@13969fbe]" name="tearDown" is-config="true" duration-ms="134" started-at="2019-02-25T02:22:27Z" finished-at="2019-02-25T02:22:27Z">
          <reporter-output>
          </reporter-output>
        </test-method> <!-- tearDown -->
      </class> <!-- com.qa.hubspot.tests.LoginTest -->
    </test> <!-- Surefire test -->
  </suite> <!-- Surefire suite -->
</testng-results>
