<?xml version="1.0" encoding="UTF-8"?>
<!-- Generated by org.testng.reporters.JUnitXMLReporter -->
<testsuite hostname="Naveen-Mac.local" ignored="0" name="Command line test" tests="3" failures="0" timestamp="03 Apr 2019 17:08:05 GMT" time="10.711" errors="0">
  <testcase name="verifyLoginPageTitleTest" time="0.014" classname="com.qa.hubspot.tests.LoginTest"/>
  <testcase name="verifySignUpLinkTest" time="0.038" classname="com.qa.hubspot.tests.LoginTest"/>
  <testcase name="loginCorrectCredentialsTest" time="0.456" classname="com.qa.hubspot.tests.LoginTest"/>
</testsuite> <!-- Command line test -->
