<?xml version="1.0" encoding="UTF-8"?>
<testng-results skipped="0" failed="0" ignored="0" total="2" passed="2">
  <reporter-output>
  </reporter-output>
  <suite name="Default suite" duration-ms="31" started-at="2019-02-27T02:41:57Z" finished-at="2019-02-27T02:41:57Z">
    <groups>
    </groups>
    <test name="Default test" duration-ms="31" started-at="2019-02-27T02:41:57Z" finished-at="2019-02-27T02:41:57Z">
      <class name="com.qa.hubspot.tests.TestNGAnnotations">
        <test-method status="PASS" signature="beforeSuite()[pri:0, instance:com.qa.hubspot.tests.TestNGAnnotations@598067a5]" name="beforeSuite" is-config="true" duration-ms="12" started-at="2019-02-27T02:41:57Z" finished-at="2019-02-27T02:41:57Z">
          <reporter-output>
          </reporter-output>
        </test-method> <!-- beforeSuite -->
        <test-method status="PASS" signature="beforeTest()[pri:0, instance:com.qa.hubspot.tests.TestNGAnnotations@598067a5]" name="beforeTest" is-config="true" duration-ms="1" started-at="2019-02-27T02:41:57Z" finished-at="2019-02-27T02:41:57Z">
          <reporter-output>
          </reporter-output>
        </test-method> <!-- beforeTest -->
        <test-method status="PASS" signature="beforeClass()[pri:0, instance:com.qa.hubspot.tests.TestNGAnnotations@598067a5]" name="beforeClass" is-config="true" duration-ms="0" started-at="2019-02-27T02:41:57Z" finished-at="2019-02-27T02:41:57Z">
          <reporter-output>
          </reporter-output>
        </test-method> <!-- beforeClass -->
        <test-method status="PASS" signature="beforeMethod()[pri:0, instance:com.qa.hubspot.tests.TestNGAnnotations@598067a5]" name="beforeMethod" is-config="true" duration-ms="1" started-at="2019-02-27T02:41:57Z" finished-at="2019-02-27T02:41:57Z">
          <reporter-output>
          </reporter-output>
        </test-method> <!-- beforeMethod -->
        <test-method status="PASS" signature="test1()[pri:0, instance:com.qa.hubspot.tests.TestNGAnnotations@598067a5]" name="test1" duration-ms="5" started-at="2019-02-27T02:41:57Z" finished-at="2019-02-27T02:41:57Z">
          <reporter-output>
          </reporter-output>
        </test-method> <!-- test1 -->
        <test-method status="PASS" signature="beforeMethod()[pri:0, instance:com.qa.hubspot.tests.TestNGAnnotations@598067a5]" name="beforeMethod" is-config="true" duration-ms="1" started-at="2019-02-27T02:41:57Z" finished-at="2019-02-27T02:41:57Z">
          <reporter-output>
          </reporter-output>
        </test-method> <!-- beforeMethod -->
        <test-method status="PASS" signature="AfterMethod()[pri:0, instance:com.qa.hubspot.tests.TestNGAnnotations@598067a5]" name="AfterMethod" is-config="true" duration-ms="0" started-at="2019-02-27T02:41:57Z" finished-at="2019-02-27T02:41:57Z">
          <reporter-output>
          </reporter-output>
        </test-method> <!-- AfterMethod -->
        <test-method status="PASS" signature="test2()[pri:0, instance:com.qa.hubspot.tests.TestNGAnnotations@598067a5]" name="test2" duration-ms="1" started-at="2019-02-27T02:41:57Z" finished-at="2019-02-27T02:41:57Z">
          <reporter-output>
          </reporter-output>
        </test-method> <!-- test2 -->
        <test-method status="PASS" signature="AfterMethod()[pri:0, instance:com.qa.hubspot.tests.TestNGAnnotations@598067a5]" name="AfterMethod" is-config="true" duration-ms="0" started-at="2019-02-27T02:41:57Z" finished-at="2019-02-27T02:41:57Z">
          <reporter-output>
          </reporter-output>
        </test-method> <!-- AfterMethod -->
        <test-method status="PASS" signature="AfterClass()[pri:0, instance:com.qa.hubspot.tests.TestNGAnnotations@598067a5]" name="AfterClass" is-config="true" duration-ms="1" started-at="2019-02-27T02:41:57Z" finished-at="2019-02-27T02:41:57Z">
          <reporter-output>
          </reporter-output>
        </test-method> <!-- AfterClass -->
        <test-method status="PASS" signature="AfterTest()[pri:0, instance:com.qa.hubspot.tests.TestNGAnnotations@598067a5]" name="AfterTest" is-config="true" duration-ms="0" started-at="2019-02-27T02:41:57Z" finished-at="2019-02-27T02:41:57Z">
          <reporter-output>
          </reporter-output>
        </test-method> <!-- AfterTest -->
        <test-method status="PASS" signature="AfterSuite()[pri:0, instance:com.qa.hubspot.tests.TestNGAnnotations@598067a5]" name="AfterSuite" is-config="true" duration-ms="0" started-at="2019-02-27T02:41:57Z" finished-at="2019-02-27T02:41:57Z">
          <reporter-output>
          </reporter-output>
        </test-method> <!-- AfterSuite -->
      </class> <!-- com.qa.hubspot.tests.TestNGAnnotations -->
    </test> <!-- Default test -->
  </suite> <!-- Default suite -->
</testng-results>
